<?xml version="1.0" encoding="UTF-8"?>
<!-- Generated by org.testng.reporters.JUnitReportReporter -->
<testsuite hostname="LAPTOP-95NO9S2C" failures="0" tests="1" name="kdf.Application" time="24.353" errors="0" timestamp="2021-10-26T07:01:17 IST" skipped="0">
  <testcase classname="kdf.Application" name="verifyInvalidLogin" time="24.353"/>
  <system-out/>
</testsuite> <!-- kdf.Application -->
