<?xml version="1.0" encoding="UTF-8"?>
<!-- Generated by org.testng.reporters.JUnitReportReporter -->
<testsuite hostname="LAPTOP-95NO9S2C" failures="0" tests="1" name="com.webappsecurity.zero.TetsScripts.VerifyFundTransferTest" time="19.342" errors="0" timestamp="2021-10-22T06:19:44 IST" skipped="0">
  <testcase classname="com.webappsecurity.zero.TetsScripts.VerifyFundTransferTest" name="verifyFundTransfer" time="19.342"/>
  <system-out/>
</testsuite> <!-- com.webappsecurity.zero.TetsScripts.VerifyFundTransferTest -->
